11/30/2024 11:21:58 PM: INFO: ....starting test setup....

11/30/2024 11:21:58 PM: INFO: Running test in 'headless-parallel' mode on 'chrome' in 'local' environment
11/30/2024 11:22:02 PM: INFO: test_search--> test_search_valid_product started
11/30/2024 11:22:03 PM: INFO: test_search--> test_search_valid_product completed

11/30/2024 11:22:05 PM: INFO: Running test in 'headless-parallel' mode on 'chrome' in 'local' environment
11/30/2024 11:22:08 PM: INFO: test_search--> test_search_invalid_product started
11/30/2024 11:22:08 PM: INFO: test_search--> test_search_invalid_product completed

11/30/2024 11:22:10 PM: INFO: Running test in 'headless-parallel' mode on 'chrome' in 'local' environment
11/30/2024 11:22:14 PM: INFO: test_login--> test_login_invalid_mail_and_valid_password started
11/30/2024 11:22:15 PM: INFO: test_login--> test_login_invalid_mail_and_valid_password completed

11/30/2024 11:22:17 PM: INFO: Running test in 'headless-parallel' mode on 'chrome' in 'local' environment
11/30/2024 11:22:20 PM: INFO: test_login--> test_login_valid_mail_and_invalid_password started
11/30/2024 11:22:21 PM: INFO: test_login--> test_login_valid_mail_and_invalid_password completed

11/30/2024 11:22:23 PM: INFO: Running test in 'headless-parallel' mode on 'chrome' in 'local' environment
11/30/2024 11:22:26 PM: INFO: test_register--> test_register_without_anyfields started
11/30/2024 11:22:28 PM: INFO: test_register--> test_register_without_anyfields completed

11/30/2024 11:22:30 PM: INFO: Worker 'gw0' is using account 'test_1@gmail.com'
11/30/2024 11:22:30 PM: INFO: Running test in 'headless-parallel' mode on 'chrome' in 'local' environment
11/30/2024 11:22:33 PM: INFO: test_add_products_to_cart--> test_add_product_to_cart_without_mandatory_fields started
11/30/2024 11:22:37 PM: INFO: test_add_products_to_cart--> test_add_product_to_cart_without_mandatory_fields completed

11/30/2024 11:22:39 PM: INFO: Running test in 'headless-parallel' mode on 'chrome' in 'local' environment
11/30/2024 11:22:43 PM: INFO: test_add_products_to_cart--> test_add_date_mandatory_product_to_cart started
11/30/2024 11:23:01 PM: INFO: test_add_products_to_cart--> test_add_date_mandatory_product_to_cart completed

11/30/2024 11:23:03 PM: INFO: Running test in 'headless-parallel' mode on 'chrome' in 'local' environment
11/30/2024 11:23:06 PM: INFO: test_add_products_to_cart--> test_add_product_with_less_than_minimum_order_to_cart started
11/30/2024 11:23:25 PM: INFO: test_add_products_to_cart--> test_add_product_with_less_than_minimum_order_to_cart completed

11/30/2024 11:23:27 PM: INFO: Running test in 'headless-parallel' mode on 'chrome' in 'local' environment
11/30/2024 11:23:31 PM: INFO: test_shopping_cart--> test_out_of_stock_notification_in_cart started
11/30/2024 11:23:43 PM: INFO: test_shopping_cart--> test_out_of_stock_notification_in_cart completed

11/30/2024 11:23:46 PM: INFO: Running test in 'headless-parallel' mode on 'chrome' in 'local' environment
11/30/2024 11:23:48 PM: INFO: test_checkout--> test_order_less_than_minimum_should_not_be_checked_out started
11/30/2024 11:24:14 PM: INFO: test_checkout--> test_order_less_than_minimum_should_not_be_checked_out completed

